<?xml version="1.0" encoding="UTF-8"?>
<testng-results ignored="0" total="1" passed="1" failed="0" skipped="0">
  <reporter-output>
  </reporter-output>
  <suite started-at="2024-07-07T23:31:23 IST" name="Default suite" finished-at="2024-07-07T23:31:32 IST" duration-ms="9837">
    <groups>
    </groups>
    <test started-at="2024-07-07T23:31:23 IST" name="Default test" finished-at="2024-07-07T23:31:32 IST" duration-ms="9837">
      <class name="Package_1.scroll_tests">
        <test-method is-config="true" signature="beforetest()[pri:0, instance:Package_1.scroll_tests@2805d709]" started-at="2024-07-07T23:31:23 IST" name="beforetest" finished-at="2024-07-07T23:31:27 IST" duration-ms="4269" status="PASS">
          <reporter-output>
          </reporter-output>
        </test-method> <!-- beforetest -->
        <test-method signature="tc1()[pri:0, instance:Package_1.scroll_tests@2805d709]" started-at="2024-07-07T23:31:27 IST" name="tc1" finished-at="2024-07-07T23:31:32 IST" duration-ms="5489" status="PASS">
          <reporter-output>
          </reporter-output>
        </test-method> <!-- tc1 -->
      </class> <!-- Package_1.scroll_tests -->
    </test> <!-- Default test -->
  </suite> <!-- Default suite -->
</testng-results>
